# JRE version: Java(TM) SE Runtime Environment (21.0.6+8) (build 21.0.6+8-LTS-188)
# Java VM: Java HotSpot(TM) 64-Bit Server VM (21.0.6+8-LTS-188, mixed mode, sharing, tiered, compressed oops, compressed class ptrs, g1 gc, windows-amd64)
GC Precious Log:
 CardTable entry size: 512
 Card Set container configuration: InlinePtr #cards 4 size 8 Array Of Cards #cards 16 size 48 Howl #buckets 8 coarsen threshold 3686 Howl Bitmap #cards 512 size 80 coarsen threshold 460 Card regions per heap region 1 cards per card region 4096
 CPUs: 8 total, 8 available
 Memory: 12239M
 Large Page Support: Disabled
 NUMA Support: Disabled
 Compressed Oops: Enabled (Zero based)
 Heap Region Size: 2M
 Heap Min Capacity: 8M
 Heap Initial Capacity: 192M
 Heap Max Capacity: 3060M
 Pre-touch: Disabled
 Parallel Workers: 8
 Concurrent Workers: 2
 Concurrent Refinement Workers: 8
 Periodic GC: Disabled
Heap:
 garbage-first heap   total 20480K, used 4886K [0x0000000740c00000, 0x0000000800000000)
  region size 2048K, 1 young (2048K), 0 survivors (0K)
 Metaspace       used 9624K, committed 9920K, reserved 1114112K
  class space    used 617K, committed 704K, reserved 1048576K
GC Heap History (20 events):
Event: 1.861 GC heap before
{Heap before GC invocations=17 (full 6):
 garbage-first heap   total 208896K, used 191319K [0x0000000740c00000, 0x0000000800000000)
  region size 2048K, 58 young (118784K), 1 survivors (2048K)
 Metaspace       used 9458K, committed 9664K, reserved 1114112K
  class space    used 614K, committed 704K, reserved 1048576K
}
Event: 1.862 GC heap after
{Heap after GC invocations=18 (full 6):
 garbage-first heap   total 208896K, used 74573K [0x0000000740c00000, 0x0000000800000000)
  region size 2048K, 1 young (2048K), 1 survivors (2048K)
 Metaspace       used 9458K, committed 9664K, reserved 1114112K
  class space    used 614K, committed 704K, reserved 1048576K
}
Event: 1.951 GC heap before
{Heap before GC invocations=18 (full 6):
 garbage-first heap   total 208896K, used 146253K [0x0000000740c00000, 0x0000000800000000)
  region size 2048K, 37 young (75776K), 1 survivors (2048K)
 Metaspace       used 9459K, committed 9664K, reserved 1114112K
  class space    used 614K, committed 704K, reserved 1048576K
}
Event: 1.957 GC heap after
{Heap after GC invocations=19 (full 7):
 garbage-first heap   total 208896K, used 74518K [0x0000000740c00000, 0x0000000800000000)
  region size 2048K, 0 young (0K), 0 survivors (0K)
 Metaspace       used 9459K, committed 9664K, reserved 1114112K
  class space    used 614K, committed 704K, reserved 1048576K
}
Event: 2.090 GC heap before
{Heap before GC invocations=19 (full 7):
 garbage-first heap   total 208896K, used 189206K [0x0000000740c00000, 0x0000000800000000)
  region size 2048K, 56 young (114688K), 0 survivors (0K)
 Metaspace       used 9471K, committed 9664K, reserved 1114112K
  class space    used 614K, committed 704K, reserved 1048576K
}
Event: 2.091 GC heap after
{Heap after GC invocations=20 (full 7):
 garbage-first heap   total 208896K, used 74522K [0x0000000740c00000, 0x0000000800000000)
  region size 2048K, 1 young (2048K), 1 survivors (2048K)
 Metaspace       used 9471K, committed 9664K, reserved 1114112K
  class space    used 614K, committed 704K, reserved 1048576K
}
Event: 2.186 GC heap before
{Heap before GC invocations=20 (full 7):
 garbage-first heap   total 208896K, used 117530K [0x0000000740c00000, 0x0000000800000000)
  region size 2048K, 23 young (47104K), 1 survivors (2048K)
 Metaspace       used 9477K, committed 9664K, reserved 1114112K
  class space    used 614K, committed 704K, reserved 1048576K
}
Event: 2.193 GC heap after
{Heap after GC invocations=21 (full 8):
 garbage-first heap   total 40960K, used 4885K [0x0000000740c00000, 0x0000000800000000)
  region size 2048K, 0 young (0K), 0 survivors (0K)
 Metaspace       used 9477K, committed 9664K, reserved 1114112K
  class space    used 614K, committed 704K, reserved 1048576K
}
Event: 2.221 GC heap before
{Heap before GC invocations=21 (full 8):
 garbage-first heap   total 40960K, used 4885K [0x0000000740c00000, 0x0000000800000000)
  region size 2048K, 1 young (2048K), 0 survivors (0K)
 Metaspace       used 9478K, committed 9664K, reserved 1114112K
  class space    used 614K, committed 704K, reserved 1048576K
}
Event: 2.228 GC heap after
{Heap after GC invocations=22 (full 9):
 garbage-first heap   total 20480K, used 4885K [0x0000000740c00000, 0x0000000800000000)
  region size 2048K, 0 young (0K), 0 survivors (0K)
 Metaspace       used 9478K, committed 9664K, reserved 1114112K
  class space    used 614K, committed 704K, reserved 1048576K
}
Event: 2.952 GC heap before
{Heap before GC invocations=22 (full 9):
 garbage-first heap   total 20480K, used 4885K [0x0000000740c00000, 0x0000000800000000)
  region size 2048K, 1 young (2048K), 0 survivors (0K)
 Metaspace       used 9498K, committed 9728K, reserved 1114112K
  class space    used 614K, committed 704K, reserved 1048576K
}
Event: 2.965 GC heap after
{Heap after GC invocations=23 (full 10):
 garbage-first heap   total 20480K, used 4886K [0x0000000740c00000, 0x0000000800000000)
  region size 2048K, 0 young (0K), 0 survivors (0K)
 Metaspace       used 9498K, committed 9728K, reserved 1114112K
  class space    used 614K, committed 704K, reserved 1048576K
}
Event: 3.949 GC heap before
{Heap before GC invocations=23 (full 10):
 garbage-first heap   total 20480K, used 6934K [0x0000000740c00000, 0x0000000800000000)
  region size 2048K, 2 young (4096K), 0 survivors (0K)
 Metaspace       used 9528K, committed 9792K, reserved 1114112K
  class space    used 614K, committed 704K, reserved 1048576K
}
Event: 3.960 GC heap after
{Heap after GC invocations=24 (full 11):
 garbage-first heap   total 20480K, used 4886K [0x0000000740c00000, 0x0000000800000000)
  region size 2048K, 0 young (0K), 0 survivors (0K)
 Metaspace       used 9528K, committed 9792K, reserved 1114112K
  class space    used 614K, committed 704K, reserved 1048576K
}
Event: 4.948 GC heap before
{Heap before GC invocations=24 (full 11):
 garbage-first heap   total 20480K, used 6934K [0x0000000740c00000, 0x0000000800000000)
  region size 2048K, 2 young (4096K), 0 survivors (0K)
 Metaspace       used 9578K, committed 9792K, reserved 1114112K
  class space    used 614K, committed 704K, reserved 1048576K
}
Event: 4.958 GC heap after
{Heap after GC invocations=25 (full 12):
 garbage-first heap   total 20480K, used 4886K [0x0000000740c00000, 0x0000000800000000)
  region size 2048K, 0 young (0K), 0 survivors (0K)
 Metaspace       used 9578K, committed 9792K, reserved 1114112K
  class space    used 614K, committed 704K, reserved 1048576K
}
Event: 5.948 GC heap before
{Heap before GC invocations=25 (full 12):
 garbage-first heap   total 20480K, used 4886K [0x0000000740c00000, 0x0000000800000000)
  region size 2048K, 1 young (2048K), 0 survivors (0K)
 Metaspace       used 9597K, committed 9792K, reserved 1114112K
  class space    used 614K, committed 704K, reserved 1048576K
}
Event: 5.957 GC heap after
{Heap after GC invocations=26 (full 13):
 garbage-first heap   total 20480K, used 4886K [0x0000000740c00000, 0x0000000800000000)
  region size 2048K, 0 young (0K), 0 survivors (0K)
 Metaspace       used 9597K, committed 9792K, reserved 1114112K
  class space    used 614K, committed 704K, reserved 1048576K
}
Event: 6.947 GC heap before
{Heap before GC invocations=26 (full 13):
 garbage-first heap   total 20480K, used 4886K [0x0000000740c00000, 0x0000000800000000)
  region size 2048K, 1 young (2048K), 0 survivors (0K)
 Metaspace       used 9604K, committed 9792K, reserved 1114112K
  class space    used 614K, committed 704K, reserved 1048576K
}
Event: 6.957 GC heap after
{Heap after GC invocations=27 (full 14):
 garbage-first heap   total 20480K, used 4886K [0x0000000740c00000, 0x0000000800000000)
  region size 2048K, 0 young (0K), 0 survivors (0K)
 Metaspace       used 9604K, committed 9792K, reserved 1114112K
  class space    used 614K, committed 704K, reserved 1048576K
}

