# JRE version: Java(TM) SE Runtime Environment (21.0.2+13) (build 21.0.2+13-LTS-58)
# Java VM: Java HotSpot(TM) 64-Bit Server VM (21.0.2+13-LTS-58, mixed mode, sharing, tiered, compressed oops, compressed class ptrs, g1 gc, windows-amd64)
GC Precious Log:
 CardTable entry size: 512
 Card Set container configuration: InlinePtr #cards 4 size 8 Array Of Cards #cards 16 size 48 Howl #buckets 8 coarsen threshold 3686 Howl Bitmap #cards 512 size 80 coarsen threshold 460 Card regions per heap region 1 cards per card region 4096
 CPUs: 8 total, 8 available
 Memory: 12239M
 Large Page Support: Disabled
 NUMA Support: Disabled
 Compressed Oops: Enabled (Zero based)
 Heap Region Size: 2M
 Heap Min Capacity: 8M
 Heap Initial Capacity: 192M
 Heap Max Capacity: 3060M
 Pre-touch: Disabled
 Parallel Workers: 8
 Concurrent Workers: 2
 Concurrent Refinement Workers: 8
 Periodic GC: Disabled
Heap:
 garbage-first heap   total 614400K, used 419749K [0x0000000740c00000, 0x0000000800000000)
  region size 2048K, 113 young (231424K), 1 survivors (2048K)
 Metaspace       used 9366K, committed 9600K, reserved 1114112K
  class space    used 605K, committed 704K, reserved 1048576K
GC Heap History (20 events):
Event: 1.309 GC heap before
{Heap before GC invocations=4 (full 0):
 garbage-first heap   total 481280K, used 285348K [0x0000000740c00000, 0x0000000800000000)
  region size 2048K, 7 young (14336K), 1 survivors (2048K)
 Metaspace       used 9222K, committed 9472K, reserved 1114112K
  class space    used 603K, committed 704K, reserved 1048576K
}
Event: 1.310 GC heap after
{Heap after GC invocations=5 (full 0):
 garbage-first heap   total 481280K, used 274870K [0x0000000740c00000, 0x0000000800000000)
  region size 2048K, 1 young (2048K), 1 survivors (2048K)
 Metaspace       used 9222K, committed 9472K, reserved 1114112K
  class space    used 603K, committed 704K, reserved 1048576K
}
Event: 1.635 GC heap before
{Heap before GC invocations=5 (full 0):
 garbage-first heap   total 481280K, used 387510K [0x0000000740c00000, 0x0000000800000000)
  region size 2048K, 58 young (118784K), 1 survivors (2048K)
 Metaspace       used 9224K, committed 9472K, reserved 1114112K
  class space    used 604K, committed 704K, reserved 1048576K
}
Event: 1.636 GC heap after
{Heap after GC invocations=6 (full 0):
 garbage-first heap   total 481280K, used 274823K [0x0000000740c00000, 0x0000000800000000)
  region size 2048K, 1 young (2048K), 1 survivors (2048K)
 Metaspace       used 9224K, committed 9472K, reserved 1114112K
  class space    used 604K, committed 704K, reserved 1048576K
}
Event: 1.657 GC heap before
{Heap before GC invocations=7 (full 0):
 garbage-first heap   total 481280K, used 289159K [0x0000000740c00000, 0x0000000800000000)
  region size 2048K, 6 young (12288K), 1 survivors (2048K)
 Metaspace       used 9254K, committed 9472K, reserved 1114112K
  class space    used 604K, committed 704K, reserved 1048576K
}
Event: 1.658 GC heap after
{Heap after GC invocations=8 (full 0):
 garbage-first heap   total 481280K, used 280948K [0x0000000740c00000, 0x0000000800000000)
  region size 2048K, 1 young (2048K), 1 survivors (2048K)
 Metaspace       used 9254K, committed 9472K, reserved 1114112K
  class space    used 604K, committed 704K, reserved 1048576K
}
Event: 1.708 GC heap before
{Heap before GC invocations=9 (full 0):
 garbage-first heap   total 512000K, used 330100K [0x0000000740c00000, 0x0000000800000000)
  region size 2048K, 18 young (36864K), 1 survivors (2048K)
 Metaspace       used 9258K, committed 9472K, reserved 1114112K
  class space    used 604K, committed 704K, reserved 1048576K
}
Event: 1.709 GC heap after
{Heap after GC invocations=10 (full 0):
 garbage-first heap   total 512000K, used 299374K [0x0000000740c00000, 0x0000000800000000)
  region size 2048K, 1 young (2048K), 1 survivors (2048K)
 Metaspace       used 9258K, committed 9472K, reserved 1114112K
  class space    used 604K, committed 704K, reserved 1048576K
}
Event: 1.776 GC heap before
{Heap before GC invocations=11 (full 0):
 garbage-first heap   total 546816K, used 334190K [0x0000000740c00000, 0x0000000800000000)
  region size 2048K, 17 young (34816K), 1 survivors (2048K)
 Metaspace       used 9259K, committed 9472K, reserved 1114112K
  class space    used 604K, committed 704K, reserved 1048576K
}
Event: 1.777 GC heap after
{Heap after GC invocations=12 (full 0):
 garbage-first heap   total 546816K, used 305503K [0x0000000740c00000, 0x0000000800000000)
  region size 2048K, 1 young (2048K), 1 survivors (2048K)
 Metaspace       used 9259K, committed 9472K, reserved 1114112K
  class space    used 604K, committed 704K, reserved 1048576K
}
Event: 1.952 GC heap before
{Heap before GC invocations=13 (full 0):
 garbage-first heap   total 552960K, used 549215K [0x0000000740c00000, 0x0000000800000000)
  region size 2048K, 103 young (210944K), 1 survivors (2048K)
 Metaspace       used 9263K, committed 9472K, reserved 1114112K
  class space    used 604K, committed 704K, reserved 1048576K
}
Event: 1.953 GC heap after
{Heap after GC invocations=14 (full 0):
 garbage-first heap   total 555008K, used 342366K [0x0000000740c00000, 0x0000000800000000)
  region size 2048K, 1 young (2048K), 1 survivors (2048K)
 Metaspace       used 9263K, committed 9472K, reserved 1114112K
  class space    used 604K, committed 704K, reserved 1048576K
}
Event: 2.013 GC heap before
{Heap before GC invocations=14 (full 0):
 garbage-first heap   total 555008K, used 520542K [0x0000000740c00000, 0x0000000800000000)
  region size 2048K, 88 young (180224K), 1 survivors (2048K)
 Metaspace       used 9263K, committed 9472K, reserved 1114112K
  class space    used 604K, committed 704K, reserved 1048576K
}
Event: 2.015 GC heap after
{Heap after GC invocations=15 (full 0):
 garbage-first heap   total 555008K, used 341909K [0x0000000740c00000, 0x0000000800000000)
  region size 2048K, 1 young (2048K), 1 survivors (2048K)
 Metaspace       used 9263K, committed 9472K, reserved 1114112K
  class space    used 604K, committed 704K, reserved 1048576K
}
Event: 2.080 GC heap before
{Heap before GC invocations=15 (full 0):
 garbage-first heap   total 555008K, used 518037K [0x0000000740c00000, 0x0000000800000000)
  region size 2048K, 88 young (180224K), 1 survivors (2048K)
 Metaspace       used 9263K, committed 9472K, reserved 1114112K
  class space    used 604K, committed 704K, reserved 1048576K
}
Event: 2.081 GC heap after
{Heap after GC invocations=16 (full 0):
 garbage-first heap   total 555008K, used 341915K [0x0000000740c00000, 0x0000000800000000)
  region size 2048K, 1 young (2048K), 1 survivors (2048K)
 Metaspace       used 9263K, committed 9472K, reserved 1114112K
  class space    used 604K, committed 704K, reserved 1048576K
}
Event: 2.154 GC heap before
{Heap before GC invocations=17 (full 0):
 garbage-first heap   total 741376K, used 518043K [0x0000000740c00000, 0x0000000800000000)
  region size 2048K, 88 young (180224K), 1 survivors (2048K)
 Metaspace       used 9263K, committed 9472K, reserved 1114112K
  class space    used 604K, committed 704K, reserved 1048576K
}
Event: 2.154 GC heap after
{Heap after GC invocations=18 (full 0):
 garbage-first heap   total 741376K, used 341911K [0x0000000740c00000, 0x0000000800000000)
  region size 2048K, 1 young (2048K), 1 survivors (2048K)
 Metaspace       used 9263K, committed 9472K, reserved 1114112K
  class space    used 604K, committed 704K, reserved 1048576K
}
Event: 2.337 GC heap before
{Heap before GC invocations=18 (full 0):
 garbage-first heap   total 741376K, used 696215K [0x0000000740c00000, 0x0000000800000000)
  region size 2048K, 175 young (358400K), 1 survivors (2048K)
 Metaspace       used 9294K, committed 9536K, reserved 1114112K
  class space    used 604K, committed 704K, reserved 1048576K
}
Event: 2.338 GC heap after
{Heap after GC invocations=19 (full 0):
 garbage-first heap   total 741376K, used 341925K [0x0000000740c00000, 0x0000000800000000)
  region size 2048K, 1 young (2048K), 1 survivors (2048K)
 Metaspace       used 9294K, committed 9536K, reserved 1114112K
  class space    used 604K, committed 704K, reserved 1048576K
}

