# JRE version: Java(TM) SE Runtime Environment (21.0.2+13) (build 21.0.2+13-LTS-58)
# Java VM: Java HotSpot(TM) 64-Bit Server VM (21.0.2+13-LTS-58, mixed mode, sharing, tiered, compressed oops, compressed class ptrs, g1 gc, windows-amd64)
GC Precious Log:
 CardTable entry size: 512
 Card Set container configuration: InlinePtr #cards 4 size 8 Array Of Cards #cards 16 size 48 Howl #buckets 8 coarsen threshold 3686 Howl Bitmap #cards 512 size 80 coarsen threshold 460 Card regions per heap region 1 cards per card region 4096
 CPUs: 8 total, 8 available
 Memory: 12239M
 Large Page Support: Disabled
 NUMA Support: Disabled
 Compressed Oops: Enabled (Zero based)
 Heap Region Size: 2M
 Heap Min Capacity: 8M
 Heap Initial Capacity: 192M
 Heap Max Capacity: 3060M
 Pre-touch: Disabled
 Parallel Workers: 8
 Concurrent Workers: 2
 Concurrent Refinement Workers: 8
 Periodic GC: Disabled
Heap:
 garbage-first heap   total 694272K, used 469411K [0x0000000740c00000, 0x0000000800000000)
  region size 2048K, 64 young (131072K), 1 survivors (2048K)
 Metaspace       used 9306K, committed 9600K, reserved 1114112K
  class space    used 607K, committed 704K, reserved 1048576K
GC Heap History (20 events):
Event: 0.903 GC heap before
{Heap before GC invocations=0 (full 0):
 garbage-first heap   total 196608K, used 22528K [0x0000000740c00000, 0x0000000800000000)
  region size 2048K, 11 young (22528K), 0 survivors (0K)
 Metaspace       used 5334K, committed 5504K, reserved 1114112K
  class space    used 324K, committed 384K, reserved 1048576K
}
Event: 0.906 GC heap after
{Heap after GC invocations=1 (full 0):
 garbage-first heap   total 196608K, used 2656K [0x0000000740c00000, 0x0000000800000000)
  region size 2048K, 2 young (4096K), 2 survivors (4096K)
 Metaspace       used 5334K, committed 5504K, reserved 1114112K
  class space    used 324K, committed 384K, reserved 1048576K
}
Event: 1.280 GC heap before
{Heap before GC invocations=1 (full 0):
 garbage-first heap   total 307200K, used 303712K [0x0000000740c00000, 0x0000000800000000)
  region size 2048K, 18 young (36864K), 2 survivors (4096K)
 Metaspace       used 8963K, committed 9216K, reserved 1114112K
  class space    used 581K, committed 704K, reserved 1048576K
}
Event: 1.283 GC heap after
{Heap after GC invocations=2 (full 0):
 garbage-first heap   total 311296K, used 274222K [0x0000000740c00000, 0x0000000800000000)
  region size 2048K, 2 young (4096K), 2 survivors (4096K)
 Metaspace       used 8963K, committed 9216K, reserved 1114112K
  class space    used 581K, committed 704K, reserved 1048576K
}
Event: 1.312 GC heap before
{Heap before GC invocations=2 (full 0):
 garbage-first heap   total 311296K, used 286510K [0x0000000740c00000, 0x0000000800000000)
  region size 2048K, 9 young (18432K), 2 survivors (4096K)
 Metaspace       used 9086K, committed 9344K, reserved 1114112K
  class space    used 591K, committed 704K, reserved 1048576K
}
Event: 1.314 GC heap after
{Heap after GC invocations=3 (full 0):
 garbage-first heap   total 311296K, used 274619K [0x0000000740c00000, 0x0000000800000000)
  region size 2048K, 2 young (4096K), 2 survivors (4096K)
 Metaspace       used 9086K, committed 9344K, reserved 1114112K
  class space    used 591K, committed 704K, reserved 1048576K
}
Event: 1.353 GC heap before
{Heap before GC invocations=4 (full 0):
 garbage-first heap   total 475136K, used 282811K [0x0000000740c00000, 0x0000000800000000)
  region size 2048K, 7 young (14336K), 2 survivors (4096K)
 Metaspace       used 9227K, committed 9472K, reserved 1114112K
  class space    used 606K, committed 704K, reserved 1048576K
}
Event: 1.354 GC heap after
{Heap after GC invocations=5 (full 0):
 garbage-first heap   total 475136K, used 274995K [0x0000000740c00000, 0x0000000800000000)
  region size 2048K, 1 young (2048K), 1 survivors (2048K)
 Metaspace       used 9227K, committed 9472K, reserved 1114112K
  class space    used 606K, committed 704K, reserved 1048576K
}
Event: 1.638 GC heap before
{Heap before GC invocations=5 (full 0):
 garbage-first heap   total 475136K, used 385587K [0x0000000740c00000, 0x0000000800000000)
  region size 2048K, 57 young (116736K), 1 survivors (2048K)
 Metaspace       used 9263K, committed 9536K, reserved 1114112K
  class space    used 606K, committed 704K, reserved 1048576K
}
Event: 1.639 GC heap after
{Heap after GC invocations=6 (full 0):
 garbage-first heap   total 475136K, used 274888K [0x0000000740c00000, 0x0000000800000000)
  region size 2048K, 1 young (2048K), 1 survivors (2048K)
 Metaspace       used 9263K, committed 9536K, reserved 1114112K
  class space    used 606K, committed 704K, reserved 1048576K
}
Event: 1.675 GC heap before
{Heap before GC invocations=7 (full 0):
 garbage-first heap   total 501760K, used 313800K [0x0000000740c00000, 0x0000000800000000)
  region size 2048K, 9 young (18432K), 1 survivors (2048K)
 Metaspace       used 9280K, committed 9536K, reserved 1114112K
  class space    used 606K, committed 704K, reserved 1048576K
}
Event: 1.676 GC heap after
{Heap after GC invocations=8 (full 0):
 garbage-first heap   total 501760K, used 299458K [0x0000000740c00000, 0x0000000800000000)
  region size 2048K, 1 young (2048K), 1 survivors (2048K)
 Metaspace       used 9280K, committed 9536K, reserved 1114112K
  class space    used 606K, committed 704K, reserved 1048576K
}
Event: 1.775 GC heap before
{Heap before GC invocations=9 (full 0):
 garbage-first heap   total 546816K, used 381378K [0x0000000740c00000, 0x0000000800000000)
  region size 2048K, 36 young (73728K), 1 survivors (2048K)
 Metaspace       used 9282K, committed 9536K, reserved 1114112K
  class space    used 606K, committed 704K, reserved 1048576K
}
Event: 1.776 GC heap after
{Heap after GC invocations=10 (full 0):
 garbage-first heap   total 546816K, used 311746K [0x0000000740c00000, 0x0000000800000000)
  region size 2048K, 1 young (2048K), 1 survivors (2048K)
 Metaspace       used 9282K, committed 9536K, reserved 1114112K
  class space    used 606K, committed 704K, reserved 1048576K
}
Event: 1.826 GC heap before
{Heap before GC invocations=11 (full 0):
 garbage-first heap   total 557056K, used 377282K [0x0000000740c00000, 0x0000000800000000)
  region size 2048K, 32 young (65536K), 1 survivors (2048K)
 Metaspace       used 9284K, committed 9536K, reserved 1114112K
  class space    used 606K, committed 704K, reserved 1048576K
}
Event: 1.827 GC heap after
{Heap after GC invocations=12 (full 0):
 garbage-first heap   total 557056K, used 317869K [0x0000000740c00000, 0x0000000800000000)
  region size 2048K, 1 young (2048K), 1 survivors (2048K)
 Metaspace       used 9284K, committed 9536K, reserved 1114112K
  class space    used 606K, committed 704K, reserved 1048576K
}
Event: 1.846 GC heap before
{Heap before GC invocations=13 (full 0):
 garbage-first heap   total 561152K, used 348589K [0x0000000740c00000, 0x0000000800000000)
  region size 2048K, 15 young (30720K), 1 survivors (2048K)
 Metaspace       used 9285K, committed 9536K, reserved 1114112K
  class space    used 606K, committed 704K, reserved 1048576K
}
Event: 1.847 GC heap after
{Heap after GC invocations=14 (full 0):
 garbage-first heap   total 561152K, used 323980K [0x0000000740c00000, 0x0000000800000000)
  region size 2048K, 1 young (2048K), 1 survivors (2048K)
 Metaspace       used 9285K, committed 9536K, reserved 1114112K
  class space    used 606K, committed 704K, reserved 1048576K
}
Event: 1.930 GC heap before
{Heap before GC invocations=15 (full 0):
 garbage-first heap   total 694272K, used 512396K [0x0000000740c00000, 0x0000000800000000)
  region size 2048K, 89 young (182272K), 1 survivors (2048K)
 Metaspace       used 9288K, committed 9536K, reserved 1114112K
  class space    used 606K, committed 704K, reserved 1048576K
}
Event: 1.932 GC heap after
{Heap after GC invocations=16 (full 0):
 garbage-first heap   total 694272K, used 336280K [0x0000000740c00000, 0x0000000800000000)
  region size 2048K, 1 young (2048K), 1 survivors (2048K)
 Metaspace       used 9288K, committed 9536K, reserved 1114112K
  class space    used 606K, committed 704K, reserved 1048576K
}

