# JRE version: Java(TM) SE Runtime Environment (21.0.2+13) (build 21.0.2+13-LTS-58)
# Java VM: Java HotSpot(TM) 64-Bit Server VM (21.0.2+13-LTS-58, mixed mode, sharing, tiered, compressed oops, compressed class ptrs, g1 gc, windows-amd64)
GC Precious Log:
 CardTable entry size: 512
 Card Set container configuration: InlinePtr #cards 4 size 8 Array Of Cards #cards 16 size 48 Howl #buckets 8 coarsen threshold 3686 Howl Bitmap #cards 512 size 80 coarsen threshold 460 Card regions per heap region 1 cards per card region 4096
 CPUs: 8 total, 8 available
 Memory: 12239M
 Large Page Support: Disabled
 NUMA Support: Disabled
 Compressed Oops: Enabled (Zero based)
 Heap Region Size: 2M
 Heap Min Capacity: 8M
 Heap Initial Capacity: 192M
 Heap Max Capacity: 3060M
 Pre-touch: Disabled
 Parallel Workers: 8
 Concurrent Workers: 2
 Concurrent Refinement Workers: 8
 Periodic GC: Disabled
Heap:
 garbage-first heap   total 659456K, used 429956K [0x0000000740c00000, 0x0000000800000000)
  region size 2048K, 72 young (147456K), 1 survivors (2048K)
 Metaspace       used 9372K, committed 9600K, reserved 1114112K
  class space    used 605K, committed 704K, reserved 1048576K
GC Heap History (20 events):
Event: 1.753 GC heap before
{Heap before GC invocations=5 (full 0):
 garbage-first heap   total 479232K, used 397732K [0x0000000740c00000, 0x0000000800000000)
  region size 2048K, 63 young (129024K), 1 survivors (2048K)
 Metaspace       used 9265K, committed 9472K, reserved 1114112K
  class space    used 605K, committed 704K, reserved 1048576K
}
Event: 1.753 GC heap after
{Heap after GC invocations=6 (full 0):
 garbage-first heap   total 479232K, used 274758K [0x0000000740c00000, 0x0000000800000000)
  region size 2048K, 1 young (2048K), 1 survivors (2048K)
 Metaspace       used 9265K, committed 9472K, reserved 1114112K
  class space    used 605K, committed 704K, reserved 1048576K
}
Event: 1.795 GC heap before
{Heap before GC invocations=7 (full 0):
 garbage-first heap   total 505856K, used 309574K [0x0000000740c00000, 0x0000000800000000)
  region size 2048K, 11 young (22528K), 1 survivors (2048K)
 Metaspace       used 9268K, committed 9472K, reserved 1114112K
  class space    used 605K, committed 704K, reserved 1048576K
}
Event: 1.796 GC heap after
{Heap after GC invocations=8 (full 0):
 garbage-first heap   total 505856K, used 293178K [0x0000000740c00000, 0x0000000800000000)
  region size 2048K, 1 young (2048K), 1 survivors (2048K)
 Metaspace       used 9268K, committed 9472K, reserved 1114112K
  class space    used 605K, committed 704K, reserved 1048576K
}
Event: 1.821 GC heap before
{Heap before GC invocations=9 (full 0):
 garbage-first heap   total 520192K, used 311610K [0x0000000740c00000, 0x0000000800000000)
  region size 2048K, 9 young (18432K), 1 survivors (2048K)
 Metaspace       used 9269K, committed 9472K, reserved 1114112K
  class space    used 605K, committed 704K, reserved 1048576K
}
Event: 1.822 GC heap after
{Heap after GC invocations=10 (full 0):
 garbage-first heap   total 520192K, used 299324K [0x0000000740c00000, 0x0000000800000000)
  region size 2048K, 1 young (2048K), 1 survivors (2048K)
 Metaspace       used 9269K, committed 9472K, reserved 1114112K
  class space    used 605K, committed 704K, reserved 1048576K
}
Event: 1.861 GC heap before
{Heap before GC invocations=11 (full 0):
 garbage-first heap   total 546816K, used 327996K [0x0000000740c00000, 0x0000000800000000)
  region size 2048K, 8 young (16384K), 1 survivors (2048K)
 Metaspace       used 9273K, committed 9472K, reserved 1114112K
  class space    used 605K, committed 704K, reserved 1048576K
}
Event: 1.862 GC heap after
{Heap after GC invocations=12 (full 0):
 garbage-first heap   total 546816K, used 317756K [0x0000000740c00000, 0x0000000800000000)
  region size 2048K, 1 young (2048K), 1 survivors (2048K)
 Metaspace       used 9273K, committed 9472K, reserved 1114112K
  class space    used 605K, committed 704K, reserved 1048576K
}
Event: 1.980 GC heap before
{Heap before GC invocations=13 (full 0):
 garbage-first heap   total 571392K, used 536892K [0x0000000740c00000, 0x0000000800000000)
  region size 2048K, 96 young (196608K), 1 survivors (2048K)
 Metaspace       used 9274K, committed 9472K, reserved 1114112K
  class space    used 605K, committed 704K, reserved 1048576K
}
Event: 1.980 GC heap after
{Heap after GC invocations=14 (full 0):
 garbage-first heap   total 571392K, used 342348K [0x0000000740c00000, 0x0000000800000000)
  region size 2048K, 1 young (2048K), 1 survivors (2048K)
 Metaspace       used 9274K, committed 9472K, reserved 1114112K
  class space    used 605K, committed 704K, reserved 1048576K
}
Event: 2.047 GC heap before
{Heap before GC invocations=14 (full 0):
 garbage-first heap   total 571392K, used 534860K [0x0000000740c00000, 0x0000000800000000)
  region size 2048K, 95 young (194560K), 1 survivors (2048K)
 Metaspace       used 9274K, committed 9472K, reserved 1114112K
  class space    used 605K, committed 704K, reserved 1048576K
}
Event: 2.049 GC heap after
{Heap after GC invocations=15 (full 0):
 garbage-first heap   total 571392K, used 341890K [0x0000000740c00000, 0x0000000800000000)
  region size 2048K, 1 young (2048K), 1 survivors (2048K)
 Metaspace       used 9274K, committed 9472K, reserved 1114112K
  class space    used 605K, committed 704K, reserved 1048576K
}
Event: 2.115 GC heap before
{Heap before GC invocations=15 (full 0):
 garbage-first heap   total 571392K, used 536450K [0x0000000740c00000, 0x0000000800000000)
  region size 2048K, 96 young (196608K), 1 survivors (2048K)
 Metaspace       used 9274K, committed 9472K, reserved 1114112K
  class space    used 605K, committed 704K, reserved 1048576K
}
Event: 2.116 GC heap after
{Heap after GC invocations=16 (full 0):
 garbage-first heap   total 571392K, used 341888K [0x0000000740c00000, 0x0000000800000000)
  region size 2048K, 1 young (2048K), 1 survivors (2048K)
 Metaspace       used 9274K, committed 9472K, reserved 1114112K
  class space    used 605K, committed 704K, reserved 1048576K
}
Event: 2.199 GC heap before
{Heap before GC invocations=17 (full 0):
 garbage-first heap   total 659456K, used 534400K [0x0000000740c00000, 0x0000000800000000)
  region size 2048K, 96 young (196608K), 1 survivors (2048K)
 Metaspace       used 9275K, committed 9472K, reserved 1114112K
  class space    used 605K, committed 704K, reserved 1048576K
}
Event: 2.200 GC heap after
{Heap after GC invocations=18 (full 0):
 garbage-first heap   total 659456K, used 341886K [0x0000000740c00000, 0x0000000800000000)
  region size 2048K, 1 young (2048K), 1 survivors (2048K)
 Metaspace       used 9275K, committed 9472K, reserved 1114112K
  class space    used 605K, committed 704K, reserved 1048576K
}
Event: 2.315 GC heap before
{Heap before GC invocations=18 (full 0):
 garbage-first heap   total 659456K, used 618366K [0x0000000740c00000, 0x0000000800000000)
  region size 2048K, 137 young (280576K), 1 survivors (2048K)
 Metaspace       used 9286K, committed 9536K, reserved 1114112K
  class space    used 605K, committed 704K, reserved 1048576K
}
Event: 2.316 GC heap after
{Heap after GC invocations=19 (full 0):
 garbage-first heap   total 659456K, used 341890K [0x0000000740c00000, 0x0000000800000000)
  region size 2048K, 1 young (2048K), 1 survivors (2048K)
 Metaspace       used 9286K, committed 9536K, reserved 1114112K
  class space    used 605K, committed 704K, reserved 1048576K
}
Event: 3.536 GC heap before
{Heap before GC invocations=20 (full 0):
 garbage-first heap   total 659456K, used 563074K [0x0000000740c00000, 0x0000000800000000)
  region size 2048K, 137 young (280576K), 1 survivors (2048K)
 Metaspace       used 9355K, committed 9600K, reserved 1114112K
  class space    used 605K, committed 704K, reserved 1048576K
}
Event: 3.536 GC heap after
{Heap after GC invocations=21 (full 0):
 garbage-first heap   total 659456K, used 286596K [0x0000000740c00000, 0x0000000800000000)
  region size 2048K, 1 young (2048K), 1 survivors (2048K)
 Metaspace       used 9355K, committed 9600K, reserved 1114112K
  class space    used 605K, committed 704K, reserved 1048576K
}

