# JRE version: Java(TM) SE Runtime Environment (22.0.2+9) (build 22.0.2+9-70)
# Java VM: Java HotSpot(TM) 64-Bit Server VM (22.0.2+9-70, mixed mode, sharing, tiered, compressed oops, compressed class ptrs, g1 gc, windows-amd64)
GC Precious Log:
 CardTable entry size: 512
 Card Set container configuration: InlinePtr #cards 4 size 8 Array Of Cards #cards 16 size 48 Howl #buckets 8 coarsen threshold 3686 Howl Bitmap #cards 512 size 80 coarsen threshold 460 Card regions per heap region 1 cards per card region 4096
 CPUs: 8 total, 8 available
 Memory: 12239M
 Large Page Support: Disabled
 NUMA Support: Disabled
 Compressed Oops: Enabled (Zero based)
 Heap Region Size: 2M
 Heap Min Capacity: 8M
 Heap Initial Capacity: 192M
 Heap Max Capacity: 3060M
 Pre-touch: Disabled
 Parallel Workers: 8
 Concurrent Workers: 2
 Concurrent Refinement Workers: 8
 Periodic GC: Disabled
Heap:
 garbage-first heap   total reserved 3133440K, committed 681984K, used 522021K [0x0000000740c00000, 0x0000000800000000)
  region size 2048K, 79 young (161792K), 1 survivors (2048K)
 Metaspace       used 10220K, committed 10496K, reserved 1114112K
  class space    used 751K, committed 832K, reserved 1048576K
GC Heap History (16 events):
Event: 1.104 GC heap before
{Heap before GC invocations=0 (full 0):
 garbage-first heap   total reserved 3133440K, committed 196608K, used 20480K [0x0000000740c00000, 0x0000000800000000)
  region size 2048K, 11 young (22528K), 0 survivors (0K)
 Metaspace       used 7696K, committed 7936K, reserved 1114112K
  class space    used 614K, committed 704K, reserved 1048576K
}
Event: 1.113 GC heap after
{Heap after GC invocations=1 (full 1):
 garbage-first heap   total reserved 3133440K, committed 28672K, used 2659K [0x0000000740c00000, 0x0000000800000000)
  region size 2048K, 0 young (0K), 0 survivors (0K)
 Metaspace       used 7696K, committed 7936K, reserved 1114112K
  class space    used 614K, committed 704K, reserved 1048576K
}
Event: 1.133 GC heap before
{Heap before GC invocations=1 (full 1):
 garbage-first heap   total reserved 3133440K, committed 28672K, used 4707K [0x0000000740c00000, 0x0000000800000000)
  region size 2048K, 2 young (4096K), 0 survivors (0K)
 Metaspace       used 8007K, committed 8256K, reserved 1114112K
  class space    used 646K, committed 768K, reserved 1048576K
}
Event: 1.147 GC heap after
{Heap after GC invocations=2 (full 2):
 garbage-first heap   total reserved 3133440K, committed 14336K, used 2705K [0x0000000740c00000, 0x0000000800000000)
  region size 2048K, 0 young (0K), 0 survivors (0K)
 Metaspace       used 8007K, committed 8256K, reserved 1114112K
  class space    used 646K, committed 768K, reserved 1048576K
}
Event: 1.208 GC heap before
{Heap before GC invocations=2 (full 2):
 garbage-first heap   total reserved 3133440K, committed 14336K, used 6801K [0x0000000740c00000, 0x0000000800000000)
  region size 2048K, 2 young (4096K), 0 survivors (0K)
 Metaspace       used 8910K, committed 9216K, reserved 1114112K
  class space    used 689K, committed 832K, reserved 1048576K
}
Event: 1.209 GC heap after
{Heap after GC invocations=3 (full 2):
 garbage-first heap   total reserved 3133440K, committed 14336K, used 3620K [0x0000000740c00000, 0x0000000800000000)
  region size 2048K, 1 young (2048K), 1 survivors (2048K)
 Metaspace       used 8910K, committed 9216K, reserved 1114112K
  class space    used 689K, committed 832K, reserved 1048576K
}
Event: 1.230 GC heap before
{Heap before GC invocations=3 (full 2):
 garbage-first heap   total reserved 3133440K, committed 14336K, used 5668K [0x0000000740c00000, 0x0000000800000000)
  region size 2048K, 3 young (6144K), 1 survivors (2048K)
 Metaspace       used 9318K, committed 9600K, reserved 1114112K
  class space    used 716K, committed 832K, reserved 1048576K
}
Event: 1.231 GC heap after
{Heap after GC invocations=4 (full 2):
 garbage-first heap   total reserved 3133440K, committed 14336K, used 3495K [0x0000000740c00000, 0x0000000800000000)
  region size 2048K, 1 young (2048K), 1 survivors (2048K)
 Metaspace       used 9318K, committed 9600K, reserved 1114112K
  class space    used 716K, committed 832K, reserved 1048576K
}
Event: 1.261 GC heap before
{Heap before GC invocations=4 (full 2):
 garbage-first heap   total reserved 3133440K, committed 32768K, used 21927K [0x0000000740c00000, 0x0000000800000000)
  region size 2048K, 2 young (4096K), 1 survivors (2048K)
 Metaspace       used 9318K, committed 9600K, reserved 1114112K
  class space    used 716K, committed 832K, reserved 1048576K
}
Event: 1.262 GC heap after
{Heap after GC invocations=5 (full 2):
 garbage-first heap   total reserved 3133440K, committed 32768K, used 21929K [0x0000000740c00000, 0x0000000800000000)
  region size 2048K, 1 young (2048K), 1 survivors (2048K)
 Metaspace       used 9318K, committed 9600K, reserved 1114112K
  class space    used 716K, committed 832K, reserved 1048576K
}
Event: 1.409 GC heap before
{Heap before GC invocations=6 (full 2):
 garbage-first heap   total reserved 3133440K, committed 337920K, used 294313K [0x0000000740c00000, 0x0000000800000000)
  region size 2048K, 3 young (6144K), 1 survivors (2048K)
 Metaspace       used 9679K, committed 9920K, reserved 1114112K
  class space    used 733K, committed 832K, reserved 1048576K
}
Event: 1.411 GC heap after
{Heap after GC invocations=7 (full 2):
 garbage-first heap   total reserved 3133440K, committed 337920K, used 294646K [0x0000000740c00000, 0x0000000800000000)
  region size 2048K, 1 young (2048K), 1 survivors (2048K)
 Metaspace       used 9679K, committed 9920K, reserved 1114112K
  class space    used 733K, committed 832K, reserved 1048576K
}
Event: 1.541 GC heap before
{Heap before GC invocations=7 (full 2):
 garbage-first heap   total reserved 3133440K, committed 337920K, used 311030K [0x0000000740c00000, 0x0000000800000000)
  region size 2048K, 10 young (20480K), 1 survivors (2048K)
 Metaspace       used 9820K, committed 10048K, reserved 1114112K
  class space    used 740K, committed 832K, reserved 1048576K
}
Event: 1.545 GC heap after
{Heap after GC invocations=8 (full 2):
 garbage-first heap   total reserved 3133440K, committed 681984K, used 292847K [0x0000000740c00000, 0x0000000800000000)
  region size 2048K, 1 young (2048K), 1 survivors (2048K)
 Metaspace       used 9820K, committed 10048K, reserved 1114112K
  class space    used 740K, committed 832K, reserved 1048576K
}
Event: 1.901 GC heap before
{Heap before GC invocations=8 (full 2):
 garbage-first heap   total reserved 3133440K, committed 681984K, used 452591K [0x0000000740c00000, 0x0000000800000000)
  region size 2048K, 75 young (153600K), 1 survivors (2048K)
 Metaspace       used 10211K, committed 10432K, reserved 1114112K
  class space    used 751K, committed 832K, reserved 1048576K
}
Event: 1.903 GC heap after
{Heap after GC invocations=9 (full 2):
 garbage-first heap   total reserved 3133440K, committed 681984K, used 304990K [0x0000000740c00000, 0x0000000800000000)
  region size 2048K, 1 young (2048K), 1 survivors (2048K)
 Metaspace       used 10211K, committed 10432K, reserved 1114112K
  class space    used 751K, committed 832K, reserved 1048576K
}

