# JRE version: Java(TM) SE Runtime Environment (21.0.6+8) (build 21.0.6+8-LTS-188)
# Java VM: Java HotSpot(TM) 64-Bit Server VM (21.0.6+8-LTS-188, mixed mode, sharing, tiered, compressed oops, compressed class ptrs, g1 gc, windows-amd64)
GC Precious Log:
 CardTable entry size: 512
 Card Set container configuration: InlinePtr #cards 4 size 8 Array Of Cards #cards 16 size 48 Howl #buckets 8 coarsen threshold 3686 Howl Bitmap #cards 512 size 80 coarsen threshold 460 Card regions per heap region 1 cards per card region 4096
 CPUs: 8 total, 8 available
 Memory: 12239M
 Large Page Support: Disabled
 NUMA Support: Disabled
 Compressed Oops: Enabled (Zero based)
 Heap Region Size: 2M
 Heap Min Capacity: 8M
 Heap Initial Capacity: 192M
 Heap Max Capacity: 3060M
 Pre-touch: Disabled
 Parallel Workers: 8
 Concurrent Workers: 2
 Concurrent Refinement Workers: 8
 Periodic GC: Disabled
Heap:
 garbage-first heap   total 40960K, used 16415K [0x0000000740c00000, 0x0000000800000000)
  region size 2048K, 4 young (8192K), 0 survivors (0K)
 Metaspace       used 9795K, committed 10048K, reserved 1114112K
  class space    used 620K, committed 704K, reserved 1048576K
GC Heap History (20 events):
Event: 3.430 GC heap before
{Heap before GC invocations=81 (full 70):
 garbage-first heap   total 546816K, used 153635K [0x0000000740c00000, 0x0000000800000000)
  region size 2048K, 1 young (2048K), 0 survivors (0K)
 Metaspace       used 9646K, committed 9856K, reserved 1114112K
  class space    used 616K, committed 704K, reserved 1048576K
}
Event: 3.435 GC heap after
{Heap after GC invocations=82 (full 71):
 garbage-first heap   total 450560K, used 129058K [0x0000000740c00000, 0x0000000800000000)
  region size 2048K, 0 young (0K), 0 survivors (0K)
 Metaspace       used 9646K, committed 9856K, reserved 1114112K
  class space    used 616K, committed 704K, reserved 1048576K
}
Event: 3.435 GC heap before
{Heap before GC invocations=82 (full 71):
 garbage-first heap   total 450560K, used 129058K [0x0000000740c00000, 0x0000000800000000)
  region size 2048K, 1 young (2048K), 0 survivors (0K)
 Metaspace       used 9646K, committed 9856K, reserved 1114112K
  class space    used 616K, committed 704K, reserved 1048576K
}
Event: 3.440 GC heap after
{Heap after GC invocations=83 (full 72):
 garbage-first heap   total 450560K, used 129058K [0x0000000740c00000, 0x0000000800000000)
  region size 2048K, 0 young (0K), 0 survivors (0K)
 Metaspace       used 9646K, committed 9856K, reserved 1114112K
  class space    used 616K, committed 704K, reserved 1048576K
}
Event: 3.449 GC heap before
{Heap before GC invocations=83 (full 72):
 garbage-first heap   total 450560K, used 133154K [0x0000000740c00000, 0x0000000800000000)
  region size 2048K, 3 young (6144K), 0 survivors (0K)
 Metaspace       used 9646K, committed 9856K, reserved 1114112K
  class space    used 616K, committed 704K, reserved 1048576K
}
Event: 3.454 GC heap after
{Heap after GC invocations=84 (full 73):
 garbage-first heap   total 450560K, used 129057K [0x0000000740c00000, 0x0000000800000000)
  region size 2048K, 0 young (0K), 0 survivors (0K)
 Metaspace       used 9646K, committed 9856K, reserved 1114112K
  class space    used 616K, committed 704K, reserved 1048576K
}
Event: 3.466 GC heap before
{Heap before GC invocations=84 (full 73):
 garbage-first heap   total 450560K, used 149537K [0x0000000740c00000, 0x0000000800000000)
  region size 2048K, 11 young (22528K), 0 survivors (0K)
 Metaspace       used 9649K, committed 9856K, reserved 1114112K
  class space    used 616K, committed 704K, reserved 1048576K
}
Event: 3.472 GC heap after
{Heap after GC invocations=85 (full 74):
 garbage-first heap   total 376832K, used 104480K [0x0000000740c00000, 0x0000000800000000)
  region size 2048K, 0 young (0K), 0 survivors (0K)
 Metaspace       used 9649K, committed 9856K, reserved 1114112K
  class space    used 616K, committed 704K, reserved 1048576K
}
Event: 3.487 GC heap before
{Heap before GC invocations=85 (full 74):
 garbage-first heap   total 376832K, used 122912K [0x0000000740c00000, 0x0000000800000000)
  region size 2048K, 10 young (20480K), 0 survivors (0K)
 Metaspace       used 9650K, committed 9856K, reserved 1114112K
  class space    used 616K, committed 704K, reserved 1048576K
}
Event: 3.492 GC heap after
{Heap after GC invocations=86 (full 75):
 garbage-first heap   total 294912K, used 79903K [0x0000000740c00000, 0x0000000800000000)
  region size 2048K, 0 young (0K), 0 survivors (0K)
 Metaspace       used 9650K, committed 9856K, reserved 1114112K
  class space    used 616K, committed 704K, reserved 1048576K
}
Event: 3.497 GC heap before
{Heap before GC invocations=86 (full 75):
 garbage-first heap   total 294912K, used 81951K [0x0000000740c00000, 0x0000000800000000)
  region size 2048K, 2 young (4096K), 0 survivors (0K)
 Metaspace       used 9650K, committed 9856K, reserved 1114112K
  class space    used 616K, committed 704K, reserved 1048576K
}
Event: 3.502 GC heap after
{Heap after GC invocations=87 (full 76):
 garbage-first heap   total 286720K, used 79902K [0x0000000740c00000, 0x0000000800000000)
  region size 2048K, 0 young (0K), 0 survivors (0K)
 Metaspace       used 9650K, committed 9856K, reserved 1114112K
  class space    used 616K, committed 704K, reserved 1048576K
}
Event: 3.503 GC heap before
{Heap before GC invocations=87 (full 76):
 garbage-first heap   total 286720K, used 79902K [0x0000000740c00000, 0x0000000800000000)
  region size 2048K, 1 young (2048K), 0 survivors (0K)
 Metaspace       used 9650K, committed 9856K, reserved 1114112K
  class space    used 616K, committed 704K, reserved 1048576K
}
Event: 3.508 GC heap after
{Heap after GC invocations=88 (full 77):
 garbage-first heap   total 280576K, used 79902K [0x0000000740c00000, 0x0000000800000000)
  region size 2048K, 0 young (0K), 0 survivors (0K)
 Metaspace       used 9650K, committed 9856K, reserved 1114112K
  class space    used 616K, committed 704K, reserved 1048576K
}
Event: 3.769 GC heap before
{Heap before GC invocations=88 (full 77):
 garbage-first heap   total 280576K, used 245790K [0x0000000740c00000, 0x0000000800000000)
  region size 2048K, 81 young (165888K), 0 survivors (0K)
 Metaspace       used 9666K, committed 9920K, reserved 1114112K
  class space    used 616K, committed 704K, reserved 1048576K
}
Event: 3.770 GC heap after
{Heap after GC invocations=89 (full 77):
 garbage-first heap   total 280576K, used 83412K [0x0000000740c00000, 0x0000000800000000)
  region size 2048K, 2 young (4096K), 2 survivors (4096K)
 Metaspace       used 9666K, committed 9920K, reserved 1114112K
  class space    used 616K, committed 704K, reserved 1048576K
}
Event: 3.970 GC heap before
{Heap before GC invocations=89 (full 77):
 garbage-first heap   total 280576K, used 222676K [0x0000000740c00000, 0x0000000800000000)
  region size 2048K, 71 young (145408K), 2 survivors (4096K)
 Metaspace       used 9694K, committed 9920K, reserved 1114112K
  class space    used 616K, committed 704K, reserved 1048576K
}
Event: 3.977 GC heap after
{Heap after GC invocations=90 (full 78):
 garbage-first heap   total 69632K, used 10271K [0x0000000740c00000, 0x0000000800000000)
  region size 2048K, 0 young (0K), 0 survivors (0K)
 Metaspace       used 9694K, committed 9920K, reserved 1114112K
  class space    used 616K, committed 704K, reserved 1048576K
}
Event: 4.004 GC heap before
{Heap before GC invocations=90 (full 78):
 garbage-first heap   total 69632K, used 10271K [0x0000000740c00000, 0x0000000800000000)
  region size 2048K, 1 young (2048K), 0 survivors (0K)
 Metaspace       used 9694K, committed 9920K, reserved 1114112K
  class space    used 616K, committed 704K, reserved 1048576K
}
Event: 4.012 GC heap after
{Heap after GC invocations=91 (full 79):
 garbage-first heap   total 40960K, used 10271K [0x0000000740c00000, 0x0000000800000000)
  region size 2048K, 0 young (0K), 0 survivors (0K)
 Metaspace       used 9694K, committed 9920K, reserved 1114112K
  class space    used 616K, committed 704K, reserved 1048576K
}

