# JRE version: Java(TM) SE Runtime Environment (21.0.2+13) (build 21.0.2+13-LTS-58)
# Java VM: Java HotSpot(TM) 64-Bit Server VM (21.0.2+13-LTS-58, mixed mode, sharing, tiered, compressed oops, compressed class ptrs, g1 gc, windows-amd64)
GC Precious Log:
 CardTable entry size: 512
 Card Set container configuration: InlinePtr #cards 4 size 8 Array Of Cards #cards 16 size 48 Howl #buckets 8 coarsen threshold 3686 Howl Bitmap #cards 512 size 80 coarsen threshold 460 Card regions per heap region 1 cards per card region 4096
 CPUs: 8 total, 8 available
 Memory: 12239M
 Large Page Support: Disabled
 NUMA Support: Disabled
 Compressed Oops: Enabled (Zero based)
 Heap Region Size: 2M
 Heap Min Capacity: 8M
 Heap Initial Capacity: 192M
 Heap Max Capacity: 3060M
 Pre-touch: Disabled
 Parallel Workers: 8
 Concurrent Workers: 2
 Concurrent Refinement Workers: 8
 Periodic GC: Disabled
Heap:
 garbage-first heap   total 935936K, used 656116K [0x0000000740c00000, 0x0000000800000000)
  region size 2048K, 69 young (141312K), 1 survivors (2048K)
 Metaspace       used 9518K, committed 10048K, reserved 1114112K
  class space    used 634K, committed 832K, reserved 1048576K
GC Heap History (10 events):
Event: 0.891 GC heap before
{Heap before GC invocations=0 (full 0):
 garbage-first heap   total 196608K, used 22528K [0x0000000740c00000, 0x0000000800000000)
  region size 2048K, 11 young (22528K), 0 survivors (0K)
 Metaspace       used 4225K, committed 4608K, reserved 1114112K
  class space    used 312K, committed 512K, reserved 1048576K
}
Event: 0.893 GC heap after
{Heap after GC invocations=1 (full 0):
 garbage-first heap   total 196608K, used 2432K [0x0000000740c00000, 0x0000000800000000)
  region size 2048K, 2 young (4096K), 2 survivors (4096K)
 Metaspace       used 4225K, committed 4608K, reserved 1114112K
  class space    used 312K, committed 512K, reserved 1048576K
}
Event: 1.076 GC heap before
{Heap before GC invocations=1 (full 0):
 garbage-first heap   total 196608K, used 113024K [0x0000000740c00000, 0x0000000800000000)
  region size 2048K, 13 young (26624K), 2 survivors (4096K)
 Metaspace       used 8653K, committed 9088K, reserved 1114112K
  class space    used 613K, committed 832K, reserved 1048576K
}
Event: 1.079 GC heap after
{Heap after GC invocations=2 (full 0):
 garbage-first heap   total 196608K, used 95954K [0x0000000740c00000, 0x0000000800000000)
  region size 2048K, 2 young (4096K), 2 survivors (4096K)
 Metaspace       used 8653K, committed 9088K, reserved 1114112K
  class space    used 613K, committed 832K, reserved 1048576K
}
Event: 1.179 GC heap before
{Heap before GC invocations=2 (full 0):
 garbage-first heap   total 374784K, used 374482K [0x0000000740c00000, 0x0000000800000000)
  region size 2048K, 6 young (12288K), 2 survivors (4096K)
 Metaspace       used 8875K, committed 9280K, reserved 1114112K
  class space    used 628K, committed 832K, reserved 1048576K
}
Event: 1.182 GC heap after
{Heap after GC invocations=3 (full 0):
 garbage-first heap   total 380928K, used 367085K [0x0000000740c00000, 0x0000000800000000)
  region size 2048K, 3 young (6144K), 3 survivors (6144K)
 Metaspace       used 8875K, committed 9280K, reserved 1114112K
  class space    used 628K, committed 832K, reserved 1048576K
}
Event: 1.231 GC heap before
{Heap before GC invocations=4 (full 0):
 garbage-first heap   total 679936K, used 442861K [0x0000000740c00000, 0x0000000800000000)
  region size 2048K, 5 young (10240K), 3 survivors (6144K)
 Metaspace       used 8955K, committed 9344K, reserved 1114112K
  class space    used 635K, committed 832K, reserved 1048576K
}
Event: 1.234 GC heap after
{Heap after GC invocations=5 (full 0):
 garbage-first heap   total 679936K, used 441400K [0x0000000740c00000, 0x0000000800000000)
  region size 2048K, 1 young (2048K), 1 survivors (2048K)
 Metaspace       used 8955K, committed 9344K, reserved 1114112K
  class space    used 635K, committed 832K, reserved 1048576K
}
Event: 2.209 GC heap before
{Heap before GC invocations=6 (full 0):
 garbage-first heap   total 772096K, used 603192K [0x0000000740c00000, 0x0000000800000000)
  region size 2048K, 72 young (147456K), 1 survivors (2048K)
 Metaspace       used 9542K, committed 9920K, reserved 1114112K
  class space    used 678K, committed 832K, reserved 1048576K
}
Event: 2.210 GC heap after
{Heap after GC invocations=7 (full 0):
 garbage-first heap   total 772096K, used 460001K [0x0000000740c00000, 0x0000000800000000)
  region size 2048K, 1 young (2048K), 1 survivors (2048K)
 Metaspace       used 9542K, committed 9920K, reserved 1114112K
  class space    used 678K, committed 832K, reserved 1048576K
}

