# JRE version: Java(TM) SE Runtime Environment (21.0.6+8) (build 21.0.6+8-LTS-188)
# Java VM: Java HotSpot(TM) 64-Bit Server VM (21.0.6+8-LTS-188, mixed mode, sharing, tiered, compressed oops, compressed class ptrs, g1 gc, windows-amd64)
GC Precious Log:
 CardTable entry size: 512
 Card Set container configuration: InlinePtr #cards 4 size 8 Array Of Cards #cards 16 size 48 Howl #buckets 8 coarsen threshold 3686 Howl Bitmap #cards 512 size 80 coarsen threshold 460 Card regions per heap region 1 cards per card region 4096
 CPUs: 8 total, 8 available
 Memory: 12239M
 Large Page Support: Disabled
 NUMA Support: Disabled
 Compressed Oops: Enabled (Zero based)
 Heap Region Size: 2M
 Heap Min Capacity: 8M
 Heap Initial Capacity: 192M
 Heap Max Capacity: 3060M
 Pre-touch: Disabled
 Parallel Workers: 8
 Concurrent Workers: 2
 Concurrent Refinement Workers: 8
 Periodic GC: Disabled
Heap:
 garbage-first heap   total 20480K, used 4899K [0x0000000740c00000, 0x0000000800000000)
  region size 2048K, 1 young (2048K), 0 survivors (0K)
 Metaspace       used 9739K, committed 9984K, reserved 1114112K
  class space    used 618K, committed 704K, reserved 1048576K
GC Heap History (20 events):
Event: 29.960 GC heap before
{Heap before GC invocations=55 (full 42):
 garbage-first heap   total 20480K, used 4899K [0x0000000740c00000, 0x0000000800000000)
  region size 2048K, 1 young (2048K), 0 survivors (0K)
 Metaspace       used 9714K, committed 9920K, reserved 1114112K
  class space    used 614K, committed 704K, reserved 1048576K
}
Event: 29.970 GC heap after
{Heap after GC invocations=56 (full 43):
 garbage-first heap   total 20480K, used 4899K [0x0000000740c00000, 0x0000000800000000)
  region size 2048K, 0 young (0K), 0 survivors (0K)
 Metaspace       used 9714K, committed 9920K, reserved 1114112K
  class space    used 614K, committed 704K, reserved 1048576K
}
Event: 30.959 GC heap before
{Heap before GC invocations=56 (full 43):
 garbage-first heap   total 20480K, used 4899K [0x0000000740c00000, 0x0000000800000000)
  region size 2048K, 1 young (2048K), 0 survivors (0K)
 Metaspace       used 9714K, committed 9920K, reserved 1114112K
  class space    used 614K, committed 704K, reserved 1048576K
}
Event: 30.969 GC heap after
{Heap after GC invocations=57 (full 44):
 garbage-first heap   total 20480K, used 4899K [0x0000000740c00000, 0x0000000800000000)
  region size 2048K, 0 young (0K), 0 survivors (0K)
 Metaspace       used 9714K, committed 9920K, reserved 1114112K
  class space    used 614K, committed 704K, reserved 1048576K
}
Event: 31.958 GC heap before
{Heap before GC invocations=57 (full 44):
 garbage-first heap   total 20480K, used 4899K [0x0000000740c00000, 0x0000000800000000)
  region size 2048K, 1 young (2048K), 0 survivors (0K)
 Metaspace       used 9714K, committed 9920K, reserved 1114112K
  class space    used 614K, committed 704K, reserved 1048576K
}
Event: 31.970 GC heap after
{Heap after GC invocations=58 (full 45):
 garbage-first heap   total 20480K, used 4899K [0x0000000740c00000, 0x0000000800000000)
  region size 2048K, 0 young (0K), 0 survivors (0K)
 Metaspace       used 9714K, committed 9920K, reserved 1114112K
  class space    used 614K, committed 704K, reserved 1048576K
}
Event: 32.958 GC heap before
{Heap before GC invocations=58 (full 45):
 garbage-first heap   total 20480K, used 4899K [0x0000000740c00000, 0x0000000800000000)
  region size 2048K, 1 young (2048K), 0 survivors (0K)
 Metaspace       used 9714K, committed 9920K, reserved 1114112K
  class space    used 614K, committed 704K, reserved 1048576K
}
Event: 32.968 GC heap after
{Heap after GC invocations=59 (full 46):
 garbage-first heap   total 20480K, used 4899K [0x0000000740c00000, 0x0000000800000000)
  region size 2048K, 0 young (0K), 0 survivors (0K)
 Metaspace       used 9714K, committed 9920K, reserved 1114112K
  class space    used 614K, committed 704K, reserved 1048576K
}
Event: 33.957 GC heap before
{Heap before GC invocations=59 (full 46):
 garbage-first heap   total 20480K, used 6947K [0x0000000740c00000, 0x0000000800000000)
  region size 2048K, 2 young (4096K), 0 survivors (0K)
 Metaspace       used 9714K, committed 9920K, reserved 1114112K
  class space    used 614K, committed 704K, reserved 1048576K
}
Event: 33.967 GC heap after
{Heap after GC invocations=60 (full 47):
 garbage-first heap   total 20480K, used 4899K [0x0000000740c00000, 0x0000000800000000)
  region size 2048K, 0 young (0K), 0 survivors (0K)
 Metaspace       used 9714K, committed 9920K, reserved 1114112K
  class space    used 614K, committed 704K, reserved 1048576K
}
Event: 34.957 GC heap before
{Heap before GC invocations=60 (full 47):
 garbage-first heap   total 20480K, used 4899K [0x0000000740c00000, 0x0000000800000000)
  region size 2048K, 1 young (2048K), 0 survivors (0K)
 Metaspace       used 9714K, committed 9920K, reserved 1114112K
  class space    used 614K, committed 704K, reserved 1048576K
}
Event: 34.966 GC heap after
{Heap after GC invocations=61 (full 48):
 garbage-first heap   total 20480K, used 4899K [0x0000000740c00000, 0x0000000800000000)
  region size 2048K, 0 young (0K), 0 survivors (0K)
 Metaspace       used 9714K, committed 9920K, reserved 1114112K
  class space    used 614K, committed 704K, reserved 1048576K
}
Event: 35.956 GC heap before
{Heap before GC invocations=61 (full 48):
 garbage-first heap   total 20480K, used 4899K [0x0000000740c00000, 0x0000000800000000)
  region size 2048K, 1 young (2048K), 0 survivors (0K)
 Metaspace       used 9714K, committed 9920K, reserved 1114112K
  class space    used 614K, committed 704K, reserved 1048576K
}
Event: 35.966 GC heap after
{Heap after GC invocations=62 (full 49):
 garbage-first heap   total 20480K, used 4899K [0x0000000740c00000, 0x0000000800000000)
  region size 2048K, 0 young (0K), 0 survivors (0K)
 Metaspace       used 9714K, committed 9920K, reserved 1114112K
  class space    used 614K, committed 704K, reserved 1048576K
}
Event: 36.955 GC heap before
{Heap before GC invocations=62 (full 49):
 garbage-first heap   total 20480K, used 4899K [0x0000000740c00000, 0x0000000800000000)
  region size 2048K, 1 young (2048K), 0 survivors (0K)
 Metaspace       used 9714K, committed 9920K, reserved 1114112K
  class space    used 614K, committed 704K, reserved 1048576K
}
Event: 36.965 GC heap after
{Heap after GC invocations=63 (full 50):
 garbage-first heap   total 20480K, used 4899K [0x0000000740c00000, 0x0000000800000000)
  region size 2048K, 0 young (0K), 0 survivors (0K)
 Metaspace       used 9714K, committed 9920K, reserved 1114112K
  class space    used 614K, committed 704K, reserved 1048576K
}
Event: 37.967 GC heap before
{Heap before GC invocations=63 (full 50):
 garbage-first heap   total 20480K, used 4899K [0x0000000740c00000, 0x0000000800000000)
  region size 2048K, 1 young (2048K), 0 survivors (0K)
 Metaspace       used 9714K, committed 9920K, reserved 1114112K
  class space    used 614K, committed 704K, reserved 1048576K
}
Event: 37.978 GC heap after
{Heap after GC invocations=64 (full 51):
 garbage-first heap   total 20480K, used 4899K [0x0000000740c00000, 0x0000000800000000)
  region size 2048K, 0 young (0K), 0 survivors (0K)
 Metaspace       used 9714K, committed 9920K, reserved 1114112K
  class space    used 614K, committed 704K, reserved 1048576K
}
Event: 38.967 GC heap before
{Heap before GC invocations=64 (full 51):
 garbage-first heap   total 20480K, used 4899K [0x0000000740c00000, 0x0000000800000000)
  region size 2048K, 1 young (2048K), 0 survivors (0K)
 Metaspace       used 9714K, committed 9920K, reserved 1114112K
  class space    used 614K, committed 704K, reserved 1048576K
}
Event: 38.978 GC heap after
{Heap after GC invocations=65 (full 52):
 garbage-first heap   total 20480K, used 4899K [0x0000000740c00000, 0x0000000800000000)
  region size 2048K, 0 young (0K), 0 survivors (0K)
 Metaspace       used 9714K, committed 9920K, reserved 1114112K
  class space    used 614K, committed 704K, reserved 1048576K
}

